12:44:10.043 [main] INFO  org.testng.internal.Utils - [TestNG] Running:
  C:\WorkSpace\Testing\OpencartV121\test-output\testng-failed.xml

12:47:22.038 [main] DEBUG org.testng.TestNG - suiteXmlPath: "C:\WorkSpace\Testing\OpencartV121\grouping.xml"
12:47:22.452 [main] INFO  org.testng.internal.Utils - [TestNG] Running:
  C:\WorkSpace\Testing\OpencartV121\grouping.xml

12:47:27.587 [main] INFO  testCases.TC001_AccountRegistrationTest - ********* Starting TC001_AccountRegistrationTest ********
12:47:32.660 [main] INFO  testCases.TC001_AccountRegistrationTest - Validating expected message
12:47:35.884 [main] INFO  testCases.TC002_LoginTest - ********Starting TC_002_LoginTest********
12:47:37.270 [main] INFO  testCases.TC002_LoginTest - LoginPage Initiated
12:47:37.645 [main] INFO  testCases.TC002_LoginTest - Email Address added
12:48:33.983 [main] DEBUG org.testng.TestNG - suiteXmlPath: "C:\WorkSpace\Testing\OpencartV121\grouping.xml"
12:48:34.627 [main] INFO  org.testng.internal.Utils - [TestNG] Running:
  C:\WorkSpace\Testing\OpencartV121\grouping.xml

12:48:39.114 [main] INFO  testCases.TC001_AccountRegistrationTest - ********* Starting TC001_AccountRegistrationTest ********
12:48:43.936 [main] INFO  testCases.TC001_AccountRegistrationTest - Validating expected message
12:48:47.424 [main] INFO  testCases.TC002_LoginTest - ********Starting TC_002_LoginTest********
12:48:48.872 [main] INFO  testCases.TC002_LoginTest - LoginPage Initiated
12:48:49.295 [main] INFO  testCases.TC002_LoginTest - Email Address added
12:48:53.814 [main] DEBUG org.apache.poi.openxml4j.opc.PackageRelationshipCollection - Parsing relationship: /xl/_rels/workbook.xml.rels
12:48:53.814 [main] DEBUG org.apache.poi.openxml4j.opc.PackageRelationshipCollection - Parsing relationship: /xl/worksheets/_rels/sheet1.xml.rels
12:48:53.826 [main] DEBUG org.apache.poi.openxml4j.opc.PackageRelationshipCollection - Parsing relationship: /_rels/.rels
12:48:55.217 [main] DEBUG org.apache.poi.openxml4j.opc.PackageRelationshipCollection - Parsing relationship: /xl/_rels/workbook.xml.rels
12:48:55.217 [main] DEBUG org.apache.poi.openxml4j.opc.PackageRelationshipCollection - Parsing relationship: /xl/worksheets/_rels/sheet1.xml.rels
12:48:55.225 [main] DEBUG org.apache.poi.openxml4j.opc.PackageRelationshipCollection - Parsing relationship: /_rels/.rels
12:48:55.357 [main] DEBUG org.apache.poi.openxml4j.opc.PackageRelationshipCollection - Parsing relationship: /xl/_rels/workbook.xml.rels
12:48:55.372 [main] DEBUG org.apache.poi.openxml4j.opc.PackageRelationshipCollection - Parsing relationship: /xl/worksheets/_rels/sheet1.xml.rels
12:48:55.378 [main] DEBUG org.apache.poi.openxml4j.opc.PackageRelationshipCollection - Parsing relationship: /_rels/.rels
12:48:55.466 [main] DEBUG org.apache.poi.openxml4j.opc.PackageRelationshipCollection - Parsing relationship: /xl/_rels/workbook.xml.rels
12:48:55.466 [main] DEBUG org.apache.poi.openxml4j.opc.PackageRelationshipCollection - Parsing relationship: /xl/worksheets/_rels/sheet1.xml.rels
12:48:55.474 [main] DEBUG org.apache.poi.openxml4j.opc.PackageRelationshipCollection - Parsing relationship: /_rels/.rels
12:48:55.515 [main] DEBUG org.apache.poi.openxml4j.opc.PackageRelationshipCollection - Parsing relationship: /xl/_rels/workbook.xml.rels
12:48:55.515 [main] DEBUG org.apache.poi.openxml4j.opc.PackageRelationshipCollection - Parsing relationship: /xl/worksheets/_rels/sheet1.xml.rels
12:48:55.515 [main] DEBUG org.apache.poi.openxml4j.opc.PackageRelationshipCollection - Parsing relationship: /_rels/.rels
12:48:55.556 [main] DEBUG org.apache.poi.openxml4j.opc.PackageRelationshipCollection - Parsing relationship: /xl/_rels/workbook.xml.rels
12:48:55.563 [main] DEBUG org.apache.poi.openxml4j.opc.PackageRelationshipCollection - Parsing relationship: /xl/worksheets/_rels/sheet1.xml.rels
12:48:55.565 [main] DEBUG org.apache.poi.openxml4j.opc.PackageRelationshipCollection - Parsing relationship: /_rels/.rels
12:48:55.598 [main] DEBUG org.apache.poi.openxml4j.opc.PackageRelationshipCollection - Parsing relationship: /xl/_rels/workbook.xml.rels
12:48:55.598 [main] DEBUG org.apache.poi.openxml4j.opc.PackageRelationshipCollection - Parsing relationship: /xl/worksheets/_rels/sheet1.xml.rels
12:48:55.598 [main] DEBUG org.apache.poi.openxml4j.opc.PackageRelationshipCollection - Parsing relationship: /_rels/.rels
12:48:55.628 [main] DEBUG org.apache.poi.openxml4j.opc.PackageRelationshipCollection - Parsing relationship: /xl/_rels/workbook.xml.rels
12:48:55.628 [main] DEBUG org.apache.poi.openxml4j.opc.PackageRelationshipCollection - Parsing relationship: /xl/worksheets/_rels/sheet1.xml.rels
12:48:55.628 [main] DEBUG org.apache.poi.openxml4j.opc.PackageRelationshipCollection - Parsing relationship: /_rels/.rels
12:48:55.669 [main] DEBUG org.apache.poi.openxml4j.opc.PackageRelationshipCollection - Parsing relationship: /xl/_rels/workbook.xml.rels
12:48:55.672 [main] DEBUG org.apache.poi.openxml4j.opc.PackageRelationshipCollection - Parsing relationship: /xl/worksheets/_rels/sheet1.xml.rels
